2025-03-21T12:25:54.437Z  INFO 27972 --- [elearning_backend] [main] c.g.e.ELearningAdminApplication          : Starting ELearningAdminApplication using Java 17.0.10 with PID 27972 (D:\Fullstack-projects\e-learning-project\e-learning-admin-backend\target\classes started by HP Gaming Laptop in D:\Fullstack-projects\e-learning-project\e-learning-admin-backend)
2025-03-21T12:25:54.448Z  INFO 27972 --- [elearning_backend] [main] c.g.e.ELearningAdminApplication          : No active profile set, falling back to 1 default profile: "default"
2025-03-21T12:25:55.062Z  INFO 27972 --- [elearning_backend] [main] .s.d.r.c.RepositoryConfigurationDelegate : Bootstrapping Spring Data JPA repositories in DEFAULT mode.
2025-03-21T12:25:55.132Z  INFO 27972 --- [elearning_backend] [main] .s.d.r.c.RepositoryConfigurationDelegate : Finished Spring Data repository scanning in 61 ms. Found 5 JPA repository interfaces.
2025-03-21T12:25:55.946Z  INFO 27972 --- [elearning_backend] [main] o.s.b.w.embedded.tomcat.TomcatWebServer  : Tomcat initialized with port 8082 (http)
2025-03-21T12:25:55.967Z  INFO 27972 --- [elearning_backend] [main] o.apache.catalina.core.StandardService   : Starting service [Tomcat]
2025-03-21T12:25:55.968Z  INFO 27972 --- [elearning_backend] [main] o.apache.catalina.core.StandardEngine    : Starting Servlet engine: [Apache Tomcat/10.1.18]
2025-03-21T12:25:56.076Z  INFO 27972 --- [elearning_backend] [main] o.a.c.c.C.[Tomcat].[localhost].[/]       : Initializing Spring embedded WebApplicationContext
2025-03-21T12:25:56.077Z  INFO 27972 --- [elearning_backend] [main] w.s.c.ServletWebServerApplicationContext : Root WebApplicationContext: initialization completed in 1584 ms
2025-03-21T12:25:56.335Z  INFO 27972 --- [elearning_backend] [main] o.hibernate.jpa.internal.util.LogHelper  : HHH000204: Processing PersistenceUnitInfo [name: default]
2025-03-21T12:25:56.429Z  INFO 27972 --- [elearning_backend] [main] org.hibernate.Version                    : HHH000412: Hibernate ORM core version 6.4.1.Final
2025-03-21T12:25:56.490Z  INFO 27972 --- [elearning_backend] [main] o.h.c.internal.RegionFactoryInitiator    : HHH000026: Second-level cache disabled
2025-03-21T12:25:56.813Z  INFO 27972 --- [elearning_backend] [main] o.s.o.j.p.SpringPersistenceUnitInfo      : No LoadTimeWeaver setup: ignoring JPA class transformer
2025-03-21T12:25:56.835Z  INFO 27972 --- [elearning_backend] [main] com.zaxxer.hikari.HikariDataSource       : HikariPool-1 - Starting...
2025-03-21T12:25:57.244Z  INFO 27972 --- [elearning_backend] [main] com.zaxxer.hikari.pool.HikariPool        : HikariPool-1 - Added connection com.mysql.cj.jdbc.ConnectionImpl@7ffcb232
2025-03-21T12:25:57.246Z  INFO 27972 --- [elearning_backend] [main] com.zaxxer.hikari.HikariDataSource       : HikariPool-1 - Start completed.
2025-03-21T12:25:58.164Z  INFO 27972 --- [elearning_backend] [main] o.h.e.t.j.p.i.JtaPlatformInitiator       : HHH000489: No JTA platform available (set 'hibernate.transaction.jta.platform' to enable JTA platform integration)
2025-03-21T12:25:58.267Z  INFO 27972 --- [elearning_backend] [main] j.LocalContainerEntityManagerFactoryBean : Initialized JPA EntityManagerFactory for persistence unit 'default'
2025-03-21T12:25:58.749Z  INFO 27972 --- [elearning_backend] [main] o.s.d.j.r.query.QueryEnhancerFactory     : Hibernate is in classpath; If applicable, HQL parser will be used.
2025-03-21T12:25:59.430Z  WARN 27972 --- [elearning_backend] [main] JpaBaseConfiguration$JpaWebConfiguration : spring.jpa.open-in-view is enabled by default. Therefore, database queries may be performed during view rendering. Explicitly configure spring.jpa.open-in-view to disable this warning
2025-03-21T12:25:59.971Z  INFO 27972 --- [elearning_backend] [main] o.s.s.web.DefaultSecurityFilterChain     : Will secure any request with [org.springframework.security.web.session.DisableEncodeUrlFilter@5ac25491, org.springframework.security.web.context.request.async.WebAsyncManagerIntegrationFilter@5b115d71, org.springframework.security.web.context.SecurityContextHolderFilter@6f9d1785, org.springframework.security.web.header.HeaderWriterFilter@40a0364a, org.springframework.web.filter.CorsFilter@4398d, org.springframework.security.web.authentication.logout.LogoutFilter@13eb8ca, com.gbossoufolly.elearningadmin.filter.JWTAuthorizationFilter@18a8a40e, com.gbossoufolly.elearningadmin.filter.JWTAuthenticationFilter@50061d56, org.springframework.security.web.savedrequest.RequestCacheAwareFilter@25ea3a5f, org.springframework.security.web.servletapi.SecurityContextHolderAwareRequestFilter@5503e208, org.springframework.security.web.authentication.AnonymousAuthenticationFilter@1ad28f2, org.springframework.security.web.session.SessionManagementFilter@2778f3d1, org.springframework.security.web.access.ExceptionTranslationFilter@47620803, org.springframework.security.web.access.intercept.AuthorizationFilter@6587c92f]
2025-03-21T12:26:00.354Z  INFO 27972 --- [elearning_backend] [main] o.s.b.w.embedded.tomcat.TomcatWebServer  : Tomcat started on port 8082 (http) with context path ''
2025-03-21T12:26:00.363Z  INFO 27972 --- [elearning_backend] [main] c.g.e.ELearningAdminApplication          : Started ELearningAdminApplication in 6.319 seconds (process running for 11.7)
